<?xml version="1.0" encoding="UTF-8"?>
<testng-results ignored="0" total="1" passed="1" failed="0" skipped="0">
  <reporter-output>
  </reporter-output>
  <suite started-at="2023-11-04T17:33:40 IST" name="Default suite" finished-at="2023-11-04T17:33:52 IST" duration-ms="11990">
    <groups>
    </groups>
    <test started-at="2023-11-04T17:33:40 IST" name="Default test" finished-at="2023-11-04T17:33:52 IST" duration-ms="11990">
      <class name="insertdata.Datatable">
        <test-method signature="data()[pri:0, instance:insertdata.Datatable@56de5251]" started-at="2023-11-04T17:33:40 IST" name="data" finished-at="2023-11-04T17:33:52 IST" duration-ms="11903" status="PASS">
          <reporter-output>
          </reporter-output>
        </test-method> <!-- data -->
      </class> <!-- insertdata.Datatable -->
    </test> <!-- Default test -->
  </suite> <!-- Default suite -->
</testng-results>
